#
# A fatal error has been detected by the Java Runtime Environment:
#
#  Internal Error (javaClasses.cpp:129), pid=6160, tid=8112
#  fatal error: Invalid layout of preloaded class
#
# JRE version: 7.0_09-b05
# Java VM: Java HotSpot(TM) 64-Bit Server VM (23.5-b02 mixed mode windows-amd64 compressed oops)
# Failed to write core dump. Minidumps are not enabled by default on client versions of Windows
#
# If you would like to submit a bug report, please visit:
#   http://bugreport.sun.com/bugreport/crash.jsp
#

---------------  T H R E A D  ---------------

Current thread (0x000000000214c800):  JavaThread "Unknown thread" [_thread_in_vm, id=8112, stack(0x0000000002490000,0x0000000002590000)]

Stack: [0x0000000002490000,0x0000000002590000]

---------------  P R O C E S S  ---------------

Java Threads: ( => current thread )

Other Threads:

=>0x000000000214c800 (exited) JavaThread "Unknown thread" [_thread_in_vm, id=8112, stack(0x0000000002490000,0x0000000002590000)]

VM state:not at safepoint (not fully initialized)

VM Mutex/Monitor currently owned by a thread: None

GC Heap History (0 events):
No events

Deoptimization events (0 events):
No events

Internal exceptions (0 events):
No events

Events (10 events):
Event: 0.013 loading class 0x0000000002051f70 done
Event: 0.013 loading class 0x000000000201a4a0 done
Event: 0.013 loading class 0x000000000201a470
Event: 0.013 loading class 0x000000000854c570
Event: 0.013 loading class 0x000000000854c570 done
Event: 0.013 loading class 0x000000000854c5b0
Event: 0.013 loading class 0x000000000854c5b0 done
Event: 0.013 loading class 0x000000000854d7d0
Event: 0.013 loading class 0x000000000854d7d0 done
Event: 0.014 loading class 0x000000000201a470 done


Dynamic libraries:
0x000000013f850000 - 0x000000013f884000 	C:\Program Files\Java\jre7\bin\javaw.exe
0x0000000077230000 - 0x00000000773d9000 	C:\Windows\SYSTEM32\ntdll.dll
0x0000000070ff0000 - 0x000000007103a000 	C:\Program Files\AVAST Software\Avast\snxhk64.dll
0x0000000076fb0000 - 0x00000000770cf000 	C:\Windows\system32\KERNEL32.dll
0x000007fefd780000 - 0x000007fefd7ec000 	C:\Windows\system32\KERNELBASE.dll
0x000007fefdbc0000 - 0x000007fefdc9b000 	C:\Windows\system32\ADVAPI32.dll
0x000007fefdd90000 - 0x000007fefde2f000 	C:\Windows\system32\msvcrt.dll
0x000007fefda60000 - 0x000007fefda7f000 	C:\Windows\SYSTEM32\sechost.dll
0x000007fefe1a0000 - 0x000007fefe2cd000 	C:\Windows\system32\RPCRT4.dll
0x0000000076ca0000 - 0x0000000076d9a000 	C:\Windows\system32\USER32.dll
0x000007fefdd20000 - 0x000007fefdd87000 	C:\Windows\system32\GDI32.dll
0x000007fefdbb0000 - 0x000007fefdbbe000 	C:\Windows\system32\LPK.dll
0x000007fefda80000 - 0x000007fefdb49000 	C:\Windows\system32\USP10.dll
0x000007fefc0f0000 - 0x000007fefc2e4000 	C:\Windows\WinSxS\amd64_microsoft.windows.common-controls_6595b64144ccf1df_6.0.7601.17514_none_fa396087175ac9ac\COMCTL32.dll
0x000007fefdca0000 - 0x000007fefdd11000 	C:\Windows\system32\SHLWAPI.dll
0x000007feff170000 - 0x000007feff19e000 	C:\Windows\system32\IMM32.DLL
0x000007fefe2d0000 - 0x000007fefe3d9000 	C:\Windows\system32\MSCTF.dll
0x000000006f7e0000 - 0x000000006f8b1000 	C:\Program Files\Java\jre7\bin\msvcr100.dll
0x00000000615b0000 - 0x0000000061ccf000 	C:\Program Files\Java\jre7\bin\server\jvm.dll
0x000007fef7470000 - 0x000007fef7479000 	C:\Windows\system32\WSOCK32.dll
0x000007feff3b0000 - 0x000007feff3fd000 	C:\Windows\system32\WS2_32.dll
0x000007fefe190000 - 0x000007fefe198000 	C:\Windows\system32\NSI.dll
0x000007fefb3f0000 - 0x000007fefb42b000 	C:\Windows\system32\WINMM.dll
0x0000000077400000 - 0x0000000077407000 	C:\Windows\system32\PSAPI.DLL
0x0000000072130000 - 0x000000007213f000 	C:\Program Files\Java\jre7\bin\verify.dll
0x000000006fd20000 - 0x000000006fd48000 	C:\Program Files\Java\jre7\bin\java.dll
0x000000006f960000 - 0x000000006f975000 	C:\Program Files\Java\jre7\bin\zip.dll

VM Arguments:
jvm_args: -Dfile.encoding=Cp1252 -Xbootclasspath:C:\Program Files (x86)\Android\android-sdk\platforms\android-16\android.jar;C:\Program Files (x86)\Android\android-sdk\add-ons\addon-google_apis-google-16\libs\effects.jar;C:\Program Files (x86)\Android\android-sdk\add-ons\addon-google_apis-google-16\libs\usb.jar;C:\Program Files (x86)\Android\android-sdk\add-ons\addon-google_apis-google-16\libs\maps.jar 
java_command: com.example.myfirstapp.HelloItemizedOverlay
Launcher Type: SUN_STANDARD

Environment Variables:
JAVA_HOME=C:\Program Files\Java\jdk1.7.0_09
PATH=C:\Program Files\Common Files\Microsoft Shared\Windows Live;C:\Program Files (x86)\Common Files\Microsoft Shared\Windows Live;C:\Program Files (x86)\NVIDIA Corporation\PhysX\Common;C:\Windows\system32;C:\Windows;C:\Windows\System32\Wbem;C:\Windows\System32\WindowsPowerShell\v1.0\;C:\Program Files (x86)\Windows Live\Shared
USERNAME=Dave
OS=Windows_NT
PROCESSOR_IDENTIFIER=Intel64 Family 6 Model 23 Stepping 6, GenuineIntel



---------------  S Y S T E M  ---------------

OS: Windows 7 , 64 bit Build 7601 Service Pack 1

CPU:total 2 (2 cores per cpu, 1 threads per core) family 6 model 23 stepping 6, cmov, cx8, fxsr, mmx, sse, sse2, sse3, ssse3, sse4.1, tsc

Memory: 4k page, physical 4193524k(1532760k free), swap 8385196k(4605696k free)

vm_info: Java HotSpot(TM) 64-Bit Server VM (23.5-b02) for windows-amd64 JRE (1.7.0_09-b05), built on Sep 24 2012 21:45:04 by "java_re" with unknown MS VC++:1600

time: Sun Nov 18 18:52:37 2012
elapsed time: 0 seconds

